<?xml version="1.0" encoding="UTF-8"?>
<testng-results ignored="0" total="1" passed="1" failed="0" skipped="0">
  <reporter-output>
  </reporter-output>
  <suite started-at="2023-12-09T20:46:22 EST" name="Surefire suite" finished-at="2023-12-09T20:46:29 EST" duration-ms="7852">
    <groups>
      <group name="cucumber">
        <method signature="AbstractTestNGCucumberTests.runScenario(io.cucumber.testng.PickleWrapper,io.cucumber.testng.FeatureWrapper)[pri:0, instance:testRunnerTest2.TestRunnerTest2@31c88ec8]" name="runScenario" class="io.cucumber.testng.AbstractTestNGCucumberTests"/>
      </group> <!-- cucumber -->
    </groups>
    <test started-at="2023-12-09T20:46:22 EST" name="Surefire test" finished-at="2023-12-09T20:46:29 EST" duration-ms="7852">
      <class name="testRunnerTest2.TestRunnerTest2">
        <test-method is-config="true" signature="setup()[pri:0, instance:testRunnerTest2.TestRunnerTest2@31c88ec8]" started-at="2023-12-09T20:46:22 EST" name="setup" finished-at="2023-12-09T20:46:23 EST" duration-ms="1646" status="PASS">
          <reporter-output>
          </reporter-output>
        </test-method> <!-- setup -->
        <test-method is-config="true" signature="setUpClass(org.testng.ITestContext)[pri:0, instance:testRunnerTest2.TestRunnerTest2@31c88ec8]" started-at="2023-12-09T20:46:23 EST" name="setUpClass" finished-at="2023-12-09T20:46:23 EST" duration-ms="159" status="PASS">
          <params>
            <param index="0">
              <value>
                <![CDATA[org.testng.TestRunner@94e51e8]]>
              </value>
            </param>
          </params>
          <reporter-output>
          </reporter-output>
        </test-method> <!-- setUpClass -->
        <test-method signature="runScenario(io.cucumber.testng.PickleWrapper,io.cucumber.testng.FeatureWrapper)[pri:0, instance:testRunnerTest2.TestRunnerTest2@31c88ec8]" started-at="2023-12-09T20:46:23 EST" name="runScenario" description="Runs Cucumber Scenarios" data-provider="scenarios" finished-at="2023-12-09T20:46:24 EST" duration-ms="601" status="PASS">
          <params>
            <param index="0">
              <value>
                <![CDATA["verify user can successfully sign up to Demo blaze"]]>
              </value>
            </param>
            <param index="1">
              <value>
                <![CDATA["This feature is for signup functionality"]]>
              </value>
            </param>
          </params>
          <reporter-output>
          </reporter-output>
        </test-method> <!-- runScenario -->
        <test-method is-config="true" signature="tearDownClass()[pri:0, instance:testRunnerTest2.TestRunnerTest2@31c88ec8]" started-at="2023-12-09T20:46:24 EST" name="tearDownClass" finished-at="2023-12-09T20:46:24 EST" duration-ms="231" status="PASS">
          <reporter-output>
          </reporter-output>
        </test-method> <!-- tearDownClass -->
        <test-method is-config="true" signature="closerURL()[pri:0, instance:testRunnerTest2.TestRunnerTest2@31c88ec8]" started-at="2023-12-09T20:46:24 EST" name="closerURL" finished-at="2023-12-09T20:46:29 EST" duration-ms="5170" status="PASS">
          <reporter-output>
          </reporter-output>
        </test-method> <!-- closerURL -->
      </class> <!-- testRunnerTest2.TestRunnerTest2 -->
    </test> <!-- Surefire test -->
  </suite> <!-- Surefire suite -->
</testng-results>
